0 info it worked if it ends with ok
1 verbose cli [ '/home/bobstar/node-v5.9.0-linux-x64/bin/node',
1 verbose cli   '/home/bobstar/node-v5.9.0-linux-x64/bin/npm',
1 verbose cli   'run',
1 verbose cli   'go' ]
2 info using npm@3.7.3
3 info using node@v5.9.0
4 verbose run-script [ 'prego', 'go', 'postgo' ]
5 info lifecycle boa-UI@1.0.0~prego: boa-UI@1.0.0
6 silly lifecycle boa-UI@1.0.0~prego: no script for prego, continuing
7 info lifecycle boa-UI@1.0.0~go: boa-UI@1.0.0
8 verbose lifecycle boa-UI@1.0.0~go: unsafe-perm in lifecycle true
9 verbose lifecycle boa-UI@1.0.0~go: PATH: /home/bobstar/node-v5.9.0-linux-x64/lib/node_modules/npm/bin/node-gyp-bin:/home/bobstar/gocode/src/boa/UI/node_modules/.bin:/home/bobstar/node-v5.9.0-linux-x64/bin:/usr/local/bin:/usr/bin:/bin:/usr/local/games:/usr/games:/home/bobstar/go/bin:/home/bobstar/gocode/bin:/home/bobstar/node-v5.9.0-linux-x64/bin:/home/bobstar/jdk1.7.0_79/bin:/home/bobstar/jdk1.7.0_79/jre/bin:/home/bobstar/android-sdk-linux/tools::/home/bobstar/go/bin:/home/bobstar/gocode/bin:/home/bobstar/node-v5.9.0-linux-x64/bin:/home/bobstar/jdk1.7.0_79/bin:/home/bobstar/jdk1.7.0_79/jre/bin:/home/bobstar/android-sdk-linux/tools:
10 verbose lifecycle boa-UI@1.0.0~go: CWD: /home/bobstar/gocode/src/boa/UI
11 silly lifecycle boa-UI@1.0.0~go: Args: [ '-c', 'concurrently "npm run tsc:w"  ' ]
12 silly lifecycle boa-UI@1.0.0~go: Returned: code: 1  signal: null
13 info lifecycle boa-UI@1.0.0~go: Failed to exec go script
14 verbose stack Error: boa-UI@1.0.0 go: `concurrently "npm run tsc:w"  `
14 verbose stack Exit status 1
14 verbose stack     at EventEmitter.<anonymous> (/home/bobstar/node-v5.9.0-linux-x64/lib/node_modules/npm/lib/utils/lifecycle.js:239:16)
14 verbose stack     at emitTwo (events.js:100:13)
14 verbose stack     at EventEmitter.emit (events.js:185:7)
14 verbose stack     at ChildProcess.<anonymous> (/home/bobstar/node-v5.9.0-linux-x64/lib/node_modules/npm/lib/utils/spawn.js:24:14)
14 verbose stack     at emitTwo (events.js:100:13)
14 verbose stack     at ChildProcess.emit (events.js:185:7)
14 verbose stack     at maybeClose (internal/child_process.js:850:16)
14 verbose stack     at Process.ChildProcess._handle.onexit (internal/child_process.js:215:5)
15 verbose pkgid boa-UI@1.0.0
16 verbose cwd /home/bobstar/gocode/src/boa/UI
17 error Linux 4.2.0-1-amd64
18 error argv "/home/bobstar/node-v5.9.0-linux-x64/bin/node" "/home/bobstar/node-v5.9.0-linux-x64/bin/npm" "run" "go"
19 error node v5.9.0
20 error npm  v3.7.3
21 error code ELIFECYCLE
22 error boa-UI@1.0.0 go: `concurrently "npm run tsc:w"  `
22 error Exit status 1
23 error Failed at the boa-UI@1.0.0 go script 'concurrently "npm run tsc:w"  '.
23 error Make sure you have the latest version of node.js and npm installed.
23 error If you do, this is most likely a problem with the boa-UI package,
23 error not with npm itself.
23 error Tell the author that this fails on your system:
23 error     concurrently "npm run tsc:w"
23 error You can get information on how to open an issue for this project with:
23 error     npm bugs boa-UI
23 error Or if that isn't available, you can get their info via:
23 error     npm owner ls boa-UI
23 error There is likely additional logging output above.
24 verbose exit [ 1, true ]
